<?xml version="1.0" encoding="UTF-8"?>
<testsuite xmlns:xsi="http://www.w3.org/2001/XMLSchema-instance" xsi:noNamespaceSchemaLocation="https://maven.apache.org/surefire/maven-surefire-plugin/xsd/surefire-test-report-3.0.xsd" version="3.0" name="com.soap.pokemon.PokemonApplicationTests" time="9.33" tests="1" errors="0" skipped="0" failures="0">
  <properties>
[...]
</properties>
  <testcase name="testMain" classname="com.soap.pokemon.PokemonApplicationTests" time="1.624">
    <system-out><![CDATA[22:11:40.797 [main] INFO org.springframework.test.context.support.AnnotationConfigContextLoaderUtils -- Could not detect default configuration classes for test class [com.soap.pokemon.PokemonApplicationTests]: PokemonApplicationTests does not declare any static, non-private, non-final, nested classes annotated with @Configuration.
22:11:40.993 [main] INFO org.springframework.boot.test.context.SpringBootTestContextBootstrapper -- Found @SpringBootConfiguration com.soap.pokemon.PokemonApplication for test class com.soap.pokemon.PokemonApplicationTests
22:11:41.330 [main] INFO org.springframework.boot.devtools.restart.RestartApplicationListener -- Restart disabled due to context in which it is running

  .   ____          _            __ _ _
 /\\ / ___'_ __ _ _(_)_ __  __ _ \ \ \ \
( ( )\___ | '_ | '_| | '_ \/ _` | \ \ \ \
 \\/  ___)| |_)| | | | | || (_| |  ) ) ) )
  '  |____| .__|_| |_|_| |_\__, | / / / /
 =========|_|==============|___/=/_/_/_/

 :: Spring Boot ::                (v3.3.4)

2024-12-19T22:11:41.733-07:00  INFO 76219 --- [pokemon] [           main] c.soap.pokemon.PokemonApplicationTests   : Starting PokemonApplicationTests using Java 17.0.12 with PID 76219 (started by adriel.rivera in /Users/adriel.rivera/Desktop/cucumber/Pokemon-SOAP-Bankaya)
2024-12-19T22:11:41.735-07:00  INFO 76219 --- [pokemon] [           main] c.soap.pokemon.PokemonApplicationTests   : No active profile set, falling back to 1 default profile: "default"
2024-12-19T22:11:42.901-07:00  INFO 76219 --- [pokemon] [           main] .s.d.r.c.RepositoryConfigurationDelegate : Bootstrapping Spring Data JPA repositories in DEFAULT mode.
2024-12-19T22:11:43.003-07:00  INFO 76219 --- [pokemon] [           main] .s.d.r.c.RepositoryConfigurationDelegate : Finished Spring Data repository scanning in 89 ms. Found 1 JPA repository interface.
2024-12-19T22:11:43.439-07:00  WARN 76219 --- [pokemon] [           main] trationDelegate$BeanPostProcessorChecker : Bean 'webServiceConfiguration' of type [com.soap.pokemon.config.WebServiceConfiguration$$SpringCGLIB$$0] is not eligible for getting processed by all BeanPostProcessors (for example: not eligible for auto-proxying). Is this bean getting eagerly injected into a currently created BeanPostProcessor [annotationActionEndpointMapping]? Check the corresponding BeanPostProcessor declaration and its dependencies.
2024-12-19T22:11:43.440-07:00  WARN 76219 --- [pokemon] [           main] trationDelegate$BeanPostProcessorChecker : Bean 'org.springframework.ws.config.annotation.DelegatingWsConfiguration' of type [org.springframework.ws.config.annotation.DelegatingWsConfiguration$$SpringCGLIB$$0] is not eligible for getting processed by all BeanPostProcessors (for example: not eligible for auto-proxying). The currently created BeanPostProcessor [annotationActionEndpointMapping] is declared through a non-static factory method on that class; consider declaring it as static instead.
2024-12-19T22:11:43.482-07:00  INFO 76219 --- [pokemon] [           main] .w.s.a.s.AnnotationActionEndpointMapping : Supporting [WS-Addressing August 2004, WS-Addressing 1.0]
2024-12-19T22:11:43.795-07:00  INFO 76219 --- [pokemon] [           main] o.hibernate.jpa.internal.util.LogHelper  : HHH000204: Processing PersistenceUnitInfo [name: default]
2024-12-19T22:11:43.900-07:00  INFO 76219 --- [pokemon] [           main] org.hibernate.Version                    : HHH000412: Hibernate ORM core version 6.5.3.Final
2024-12-19T22:11:43.975-07:00  INFO 76219 --- [pokemon] [           main] o.h.c.internal.RegionFactoryInitiator    : HHH000026: Second-level cache disabled
2024-12-19T22:11:44.617-07:00  INFO 76219 --- [pokemon] [           main] o.s.o.j.p.SpringPersistenceUnitInfo      : No LoadTimeWeaver setup: ignoring JPA class transformer
2024-12-19T22:11:44.711-07:00  INFO 76219 --- [pokemon] [           main] com.zaxxer.hikari.HikariDataSource       : HikariPool-1 - Starting...
2024-12-19T22:11:45.287-07:00  INFO 76219 --- [pokemon] [           main] com.zaxxer.hikari.pool.HikariPool        : HikariPool-1 - Added connection conn0: url=jdbc:h2:mem:pokemondb user=SA
2024-12-19T22:11:45.291-07:00  INFO 76219 --- [pokemon] [           main] com.zaxxer.hikari.HikariDataSource       : HikariPool-1 - Start completed.
2024-12-19T22:11:46.715-07:00  INFO 76219 --- [pokemon] [           main] o.h.e.t.j.p.i.JtaPlatformInitiator       : HHH000489: No JTA platform available (set 'hibernate.transaction.jta.platform' to enable JTA platform integration)
Hibernate: create table log_endpoints (id bigint generated by default as identity, fecha_request timestamp(6), ip_de_origen varchar(255), metodo varchar(255), request varchar(255), response varchar(255), tiempo_peticion bigint, primary key (id))
2024-12-19T22:11:46.825-07:00  INFO 76219 --- [pokemon] [           main] j.LocalContainerEntityManagerFactoryBean : Initialized JPA EntityManagerFactory for persistence unit 'default'
2024-12-19T22:11:47.696-07:00  WARN 76219 --- [pokemon] [           main] JpaBaseConfiguration$JpaWebConfiguration : spring.jpa.open-in-view is enabled by default. Therefore, database queries may be performed during view rendering. Explicitly configure spring.jpa.open-in-view to disable this warning
2024-12-19T22:11:48.226-07:00  INFO 76219 --- [pokemon] [           main] o.s.b.a.h2.H2ConsoleAutoConfiguration    : H2 console available at '/h2-console'. Database available at 'jdbc:h2:mem:pokemondb'
2024-12-19T22:11:48.295-07:00  INFO 76219 --- [pokemon] [           main] c.soap.pokemon.PokemonApplicationTests   : Started PokemonApplicationTests in 6.987 seconds (process running for 9.894)
2024-12-19T22:11:48.898-07:00  INFO 76219 --- [pokemon] [           main] o.s.b.d.r.RestartApplicationListener     : Restart disabled due to context in which it is running

  .   ____          _            __ _ _
 /\\ / ___'_ __ _ _(_)_ __  __ _ \ \ \ \
( ( )\___ | '_ | '_| | '_ \/ _` | \ \ \ \
 \\/  ___)| |_)| | | | | || (_| |  ) ) ) )
  '  |____| .__|_| |_|_| |_\__, | / / / /
 =========|_|==============|___/=/_/_/_/

 :: Spring Boot ::                (v3.3.4)

2024-12-19T22:11:48.925-07:00  INFO 76219 --- [pokemon] [           main] com.soap.pokemon.PokemonApplication      : Starting PokemonApplication using Java 17.0.12 with PID 76219 (started by adriel.rivera in /Users/adriel.rivera/Desktop/cucumber/Pokemon-SOAP-Bankaya)
2024-12-19T22:11:48.926-07:00  INFO 76219 --- [pokemon] [           main] com.soap.pokemon.PokemonApplication      : No active profile set, falling back to 1 default profile: "default"
2024-12-19T22:11:49.120-07:00  INFO 76219 --- [pokemon] [           main] .s.d.r.c.RepositoryConfigurationDelegate : Bootstrapping Spring Data JPA repositories in DEFAULT mode.
2024-12-19T22:11:49.137-07:00  INFO 76219 --- [pokemon] [           main] .s.d.r.c.RepositoryConfigurationDelegate : Finished Spring Data repository scanning in 16 ms. Found 1 JPA repository interface.
2024-12-19T22:11:49.183-07:00  WARN 76219 --- [pokemon] [           main] trationDelegate$BeanPostProcessorChecker : Bean 'webServiceConfiguration' of type [com.soap.pokemon.config.WebServiceConfiguration$$SpringCGLIB$$0] is not eligible for getting processed by all BeanPostProcessors (for example: not eligible for auto-proxying). Is this bean getting eagerly injected into a currently created BeanPostProcessor [annotationActionEndpointMapping]? Check the corresponding BeanPostProcessor declaration and its dependencies.
2024-12-19T22:11:49.183-07:00  WARN 76219 --- [pokemon] [           main] trationDelegate$BeanPostProcessorChecker : Bean 'org.springframework.ws.config.annotation.DelegatingWsConfiguration' of type [org.springframework.ws.config.annotation.DelegatingWsConfiguration$$SpringCGLIB$$0] is not eligible for getting processed by all BeanPostProcessors (for example: not eligible for auto-proxying). The currently created BeanPostProcessor [annotationActionEndpointMapping] is declared through a non-static factory method on that class; consider declaring it as static instead.
2024-12-19T22:11:49.185-07:00  INFO 76219 --- [pokemon] [           main] .w.s.a.s.AnnotationActionEndpointMapping : Supporting [WS-Addressing August 2004, WS-Addressing 1.0]
2024-12-19T22:11:49.386-07:00  INFO 76219 --- [pokemon] [           main] o.s.b.w.embedded.tomcat.TomcatWebServer  : Tomcat initialized with port 8080 (http)
2024-12-19T22:11:49.407-07:00  INFO 76219 --- [pokemon] [           main] o.apache.catalina.core.StandardService   : Starting service [Tomcat]
2024-12-19T22:11:49.408-07:00  INFO 76219 --- [pokemon] [           main] o.apache.catalina.core.StandardEngine    : Starting Servlet engine: [Apache Tomcat/10.1.30]
2024-12-19T22:11:49.490-07:00  INFO 76219 --- [pokemon] [           main] o.a.c.c.C.[Tomcat].[localhost].[/]       : Initializing Spring embedded WebApplicationContext
2024-12-19T22:11:49.491-07:00  INFO 76219 --- [pokemon] [           main] w.s.c.ServletWebServerApplicationContext : Root WebApplicationContext: initialization completed in 562 ms
2024-12-19T22:11:49.511-07:00  INFO 76219 --- [pokemon] [           main] com.zaxxer.hikari.HikariDataSource       : HikariPool-2 - Starting...
2024-12-19T22:11:49.512-07:00  INFO 76219 --- [pokemon] [           main] com.zaxxer.hikari.pool.HikariPool        : HikariPool-2 - Added connection conn10: url=jdbc:h2:mem:pokemondb user=SA
2024-12-19T22:11:49.512-07:00  INFO 76219 --- [pokemon] [           main] com.zaxxer.hikari.HikariDataSource       : HikariPool-2 - Start completed.
2024-12-19T22:11:49.513-07:00  INFO 76219 --- [pokemon] [           main] o.s.b.a.h2.H2ConsoleAutoConfiguration    : H2 console available at '/h2-console'. Database available at 'jdbc:h2:mem:pokemondb'
2024-12-19T22:11:49.596-07:00  INFO 76219 --- [pokemon] [           main] o.hibernate.jpa.internal.util.LogHelper  : HHH000204: Processing PersistenceUnitInfo [name: default]
2024-12-19T22:11:49.599-07:00  INFO 76219 --- [pokemon] [           main] o.h.c.internal.RegionFactoryInitiator    : HHH000026: Second-level cache disabled
2024-12-19T22:11:49.610-07:00  INFO 76219 --- [pokemon] [           main] o.s.o.j.p.SpringPersistenceUnitInfo      : No LoadTimeWeaver setup: ignoring JPA class transformer
2024-12-19T22:11:49.659-07:00  INFO 76219 --- [pokemon] [           main] o.h.e.t.j.p.i.JtaPlatformInitiator       : HHH000489: No JTA platform available (set 'hibernate.transaction.jta.platform' to enable JTA platform integration)
2024-12-19T22:11:49.663-07:00  INFO 76219 --- [pokemon] [           main] j.LocalContainerEntityManagerFactoryBean : Initialized JPA EntityManagerFactory for persistence unit 'default'
2024-12-19T22:11:49.741-07:00  WARN 76219 --- [pokemon] [           main] JpaBaseConfiguration$JpaWebConfiguration : spring.jpa.open-in-view is enabled by default. Therefore, database queries may be performed during view rendering. Explicitly configure spring.jpa.open-in-view to disable this warning
2024-12-19T22:11:49.926-07:00  INFO 76219 --- [pokemon] [           main] o.s.b.w.embedded.tomcat.TomcatWebServer  : Tomcat started on port 8080 (http) with context path '/'
2024-12-19T22:11:49.931-07:00  INFO 76219 --- [pokemon] [           main] com.soap.pokemon.PokemonApplication      : Started PokemonApplication in 1.033 seconds (process running for 11.531)
]]></system-out>
  </testcase>
</testsuite>